2011/04/07 08:42:08 [error] [exception.CException] exception 'CException' with message 'CAssetManager.basePath "/opt/lampp/htdocs/musicdream/assets" 是无效的. 请确定它是一个可被 Web server process 写入资料的目录.' in /opt/lampp/htdocs/musicdream/yiiframework/web/CAssetManager.php:98
Stack trace:
#0 /opt/lampp/htdocs/musicdream/yiiframework/web/CAssetManager.php(83): CAssetManager->setBasePath('/opt/lampp/htdo...')
#1 /opt/lampp/htdocs/musicdream/yiiframework/web/CAssetManager.php(192): CAssetManager->getBasePath()
#2 /opt/lampp/htdocs/musicdream/yiiframework/web/CClientScript.php(464): CAssetManager->publish('/opt/lampp/htdo...')
#3 /opt/lampp/htdocs/musicdream/yiiframework/web/CClientScript.php(317): CClientScript->getCoreScriptUrl()
#4 /opt/lampp/htdocs/musicdream/yiiframework/web/CClientScript.php(197): CClientScript->renderCoreScripts()
#5 /opt/lampp/htdocs/musicdream/yiiframework/web/CController.php(343): CClientScript->render('<!DOCTYPE html ...')
#6 /opt/lampp/htdocs/musicdream/yiiframework/web/CController.php(785): CController->processOutput('<!DOCTYPE html ...')
#7 /opt/lampp/htdocs/musicdream/protected/components/XRenderAction.php(78): CController->render('contact', Array, false)
#8 /opt/lampp/htdocs/musicdream/protected/controllers/site/ContactAction.php(23): XRenderAction->render('contact', Array)
#9 /opt/lampp/htdocs/musicdream/yiiframework/web/actions/CAction.php(72): ContactAction->run()
#10 /opt/lampp/htdocs/musicdream/yiiframework/web/CController.php(300): CAction->runWithParams(Array)
#11 /opt/lampp/htdocs/musicdream/yiiframework/web/CController.php(278): CController->runAction(Object(ContactAction))
#12 /opt/lampp/htdocs/musicdream/yiiframework/web/CController.php(257): CController->runActionWithFilters(Object(ContactAction), Array)
#13 /opt/lampp/htdocs/musicdream/yiiframework/web/CWebApplication.php(328): CController->run('contact')
#14 /opt/lampp/htdocs/musicdream/yiiframework/web/CWebApplication.php(121): CWebApplication->runController('site/contact')
#15 /opt/lampp/htdocs/musicdream/yiiframework/base/CApplication.php(155): CWebApplication->processRequest()
#16 /opt/lampp/htdocs/musicdream/index.php(10): CApplication->run()
#17 {main} REQUEST_URI=/musicdream/index.php?r=site/contact
2011/04/07 08:42:31 [error] [php] Undefined index: css (/opt/lampp/htdocs/musicdream/yiiframework/web/widgets/CTreeView.php:211)
Stack trace:
#0 /opt/lampp/htdocs/musicdream/yiiframework/web/CBaseController.php(165): ArtistController->createWidget()
#1 /opt/lampp/htdocs/musicdream/protected/views/layouts/column2_artist.php(24): ArtistController->widget()
#2 /opt/lampp/htdocs/musicdream/yiiframework/web/CBaseController.php(119): require()
#3 /opt/lampp/htdocs/musicdream/yiiframework/web/CBaseController.php(88): ArtistController->renderInternal()
#4 /opt/lampp/htdocs/musicdream/yiiframework/web/CController.php(781): ArtistController->renderFile()
#5 /opt/lampp/htdocs/musicdream/protected/components/XRenderAction.php(78): ArtistController->render()
#6 /opt/lampp/htdocs/musicdream/protected/controllers/artist/IndexAction.php(28): IndexAction->render()
#7 /opt/lampp/htdocs/musicdream/yiiframework/web/actions/CAction.php(72): IndexAction->run()
#8 /opt/lampp/htdocs/musicdream/yiiframework/web/CController.php(300): IndexAction->runWithParams()
#9 /opt/lampp/htdocs/musicdream/yiiframework/web/filters/CFilterChain.php(133): ArtistController->runAction()
#10 /opt/lampp/htdocs/musicdream/yiiframework/web/filters/CFilter.php(41): CFilterChain->run()
#11 /opt/lampp/htdocs/musicdream/yiiframework/web/CController.php(1122): CAccessControlFilter->filter()
#12 /opt/lampp/htdocs/musicdream/yiiframework/web/filters/CInlineFilter.php(59): ArtistController->filterAccessControl()
#13 /opt/lampp/htdocs/musicdream/yiiframework/web/filters/CFilterChain.php(130): CInlineFilter->filter()
#14 /opt/lampp/htdocs/musicdream/yiiframework/web/CController.php(283): CFilterChain->run()
#15 /opt/lampp/htdocs/musicdream/yiiframework/web/CController.php(257): ArtistController->runActionWithFilters()
#16 /opt/lampp/htdocs/musicdream/yiiframework/web/CWebApplication.php(328): ArtistController->run()
#17 /opt/lampp/htdocs/musicdream/yiiframework/web/CWebApplication.php(121): CWebApplication->runController()
#18 /opt/lampp/htdocs/musicdream/yiiframework/base/CApplication.php(155): CWebApplication->processRequest()
#19 /opt/lampp/htdocs/musicdream/index.php(10): CWebApplication->run()
REQUEST_URI=/musicdream/index.php?r=artist/index
in /opt/lampp/htdocs/musicdream/protected/views/layouts/column2_artist.php (24)
in /opt/lampp/htdocs/musicdream/protected/components/XRenderAction.php (78)
in /opt/lampp/htdocs/musicdream/protected/controllers/artist/IndexAction.php (28)
2011/04/07 08:42:50 [error] [php] Undefined index: css (/opt/lampp/htdocs/musicdream/yiiframework/web/widgets/CTreeView.php:211)
Stack trace:
#0 /opt/lampp/htdocs/musicdream/yiiframework/web/CBaseController.php(165): ArtistController->createWidget()
#1 /opt/lampp/htdocs/musicdream/protected/views/layouts/column2_artist.php(24): ArtistController->widget()
#2 /opt/lampp/htdocs/musicdream/yiiframework/web/CBaseController.php(119): require()
#3 /opt/lampp/htdocs/musicdream/yiiframework/web/CBaseController.php(88): ArtistController->renderInternal()
#4 /opt/lampp/htdocs/musicdream/yiiframework/web/CController.php(781): ArtistController->renderFile()
#5 /opt/lampp/htdocs/musicdream/protected/components/XRenderAction.php(78): ArtistController->render()
#6 /opt/lampp/htdocs/musicdream/protected/controllers/artist/IndexAction.php(28): IndexAction->render()
#7 /opt/lampp/htdocs/musicdream/yiiframework/web/actions/CAction.php(72): IndexAction->run()
#8 /opt/lampp/htdocs/musicdream/yiiframework/web/CController.php(300): IndexAction->runWithParams()
#9 /opt/lampp/htdocs/musicdream/yiiframework/web/filters/CFilterChain.php(133): ArtistController->runAction()
#10 /opt/lampp/htdocs/musicdream/yiiframework/web/filters/CFilter.php(41): CFilterChain->run()
#11 /opt/lampp/htdocs/musicdream/yiiframework/web/CController.php(1122): CAccessControlFilter->filter()
#12 /opt/lampp/htdocs/musicdream/yiiframework/web/filters/CInlineFilter.php(59): ArtistController->filterAccessControl()
#13 /opt/lampp/htdocs/musicdream/yiiframework/web/filters/CFilterChain.php(130): CInlineFilter->filter()
#14 /opt/lampp/htdocs/musicdream/yiiframework/web/CController.php(283): CFilterChain->run()
#15 /opt/lampp/htdocs/musicdream/yiiframework/web/CController.php(257): ArtistController->runActionWithFilters()
#16 /opt/lampp/htdocs/musicdream/yiiframework/web/CWebApplication.php(328): ArtistController->run()
#17 /opt/lampp/htdocs/musicdream/yiiframework/web/CWebApplication.php(121): CWebApplication->runController()
#18 /opt/lampp/htdocs/musicdream/yiiframework/base/CApplication.php(155): CWebApplication->processRequest()
#19 /opt/lampp/htdocs/musicdream/index.php(10): CWebApplication->run()
REQUEST_URI=/musicdream/index.php?r=artist/index
in /opt/lampp/htdocs/musicdream/protected/views/layouts/column2_artist.php (24)
in /opt/lampp/htdocs/musicdream/protected/components/XRenderAction.php (78)
in /opt/lampp/htdocs/musicdream/protected/controllers/artist/IndexAction.php (28)
2011/04/07 08:43:03 [error] [php] Undefined index: css (/opt/lampp/htdocs/musicdream/yiiframework/web/widgets/CTreeView.php:211)
Stack trace:
#0 /opt/lampp/htdocs/musicdream/yiiframework/web/CBaseController.php(165): ArtistController->createWidget()
#1 /opt/lampp/htdocs/musicdream/protected/views/layouts/column2_artist.php(24): ArtistController->widget()
#2 /opt/lampp/htdocs/musicdream/yiiframework/web/CBaseController.php(119): require()
#3 /opt/lampp/htdocs/musicdream/yiiframework/web/CBaseController.php(88): ArtistController->renderInternal()
#4 /opt/lampp/htdocs/musicdream/yiiframework/web/CController.php(781): ArtistController->renderFile()
#5 /opt/lampp/htdocs/musicdream/protected/components/XRenderAction.php(78): ArtistController->render()
#6 /opt/lampp/htdocs/musicdream/protected/controllers/artist/IndexAction.php(28): IndexAction->render()
#7 /opt/lampp/htdocs/musicdream/yiiframework/web/actions/CAction.php(72): IndexAction->run()
#8 /opt/lampp/htdocs/musicdream/yiiframework/web/CController.php(300): IndexAction->runWithParams()
#9 /opt/lampp/htdocs/musicdream/yiiframework/web/filters/CFilterChain.php(133): ArtistController->runAction()
#10 /opt/lampp/htdocs/musicdream/yiiframework/web/filters/CFilter.php(41): CFilterChain->run()
#11 /opt/lampp/htdocs/musicdream/yiiframework/web/CController.php(1122): CAccessControlFilter->filter()
#12 /opt/lampp/htdocs/musicdream/yiiframework/web/filters/CInlineFilter.php(59): ArtistController->filterAccessControl()
#13 /opt/lampp/htdocs/musicdream/yiiframework/web/filters/CFilterChain.php(130): CInlineFilter->filter()
#14 /opt/lampp/htdocs/musicdream/yiiframework/web/CController.php(283): CFilterChain->run()
#15 /opt/lampp/htdocs/musicdream/yiiframework/web/CController.php(257): ArtistController->runActionWithFilters()
#16 /opt/lampp/htdocs/musicdream/yiiframework/web/CWebApplication.php(328): ArtistController->run()
#17 /opt/lampp/htdocs/musicdream/yiiframework/web/CWebApplication.php(121): CWebApplication->runController()
#18 /opt/lampp/htdocs/musicdream/yiiframework/base/CApplication.php(155): CWebApplication->processRequest()
#19 /opt/lampp/htdocs/musicdream/index.php(10): CWebApplication->run()
REQUEST_URI=/musicdream/index.php?r=artist/index
in /opt/lampp/htdocs/musicdream/protected/views/layouts/column2_artist.php (24)
in /opt/lampp/htdocs/musicdream/protected/components/XRenderAction.php (78)
in /opt/lampp/htdocs/musicdream/protected/controllers/artist/IndexAction.php (28)
2011/04/07 08:43:54 [error] [php] call_user_func_array() expects parameter 1 to be a valid callback, non-static method PlaylistController::checkOwner() should not be called statically (/opt/lampp/htdocs/musicdream/yiiframework/base/CComponent.php:621)
Stack trace:
#0 /opt/lampp/htdocs/musicdream/yiiframework/web/auth/CAccessControlFilter.php(244): CAccessRule->isExpressionMatched()
#1 /opt/lampp/htdocs/musicdream/yiiframework/web/auth/CAccessControlFilter.php(115): CAccessRule->isUserAllowed()
#2 /opt/lampp/htdocs/musicdream/yiiframework/web/filters/CFilter.php(39): CAccessControlFilter->preFilter()
#3 /opt/lampp/htdocs/musicdream/yiiframework/web/CController.php(1122): CAccessControlFilter->filter()
#4 /opt/lampp/htdocs/musicdream/yiiframework/web/filters/CInlineFilter.php(59): PlaylistController->filterAccessControl()
#5 /opt/lampp/htdocs/musicdream/yiiframework/web/filters/CFilterChain.php(130): CInlineFilter->filter()
#6 /opt/lampp/htdocs/musicdream/yiiframework/web/CController.php(283): CFilterChain->run()
#7 /opt/lampp/htdocs/musicdream/yiiframework/web/CController.php(257): PlaylistController->runActionWithFilters()
#8 /opt/lampp/htdocs/musicdream/yiiframework/web/CWebApplication.php(328): PlaylistController->run()
#9 /opt/lampp/htdocs/musicdream/yiiframework/web/CWebApplication.php(121): CWebApplication->runController()
#10 /opt/lampp/htdocs/musicdream/yiiframework/base/CApplication.php(155): CWebApplication->processRequest()
#11 /opt/lampp/htdocs/musicdream/index.php(10): CWebApplication->run()
REQUEST_URI=/musicdream/index.php?r=playlist/view&id=2
in /opt/lampp/htdocs/musicdream/index.php (10)
2011/04/07 08:43:57 [error] [php] call_user_func_array() expects parameter 1 to be a valid callback, non-static method PlaylistController::checkOwner() should not be called statically (/opt/lampp/htdocs/musicdream/yiiframework/base/CComponent.php:621)
Stack trace:
#0 /opt/lampp/htdocs/musicdream/yiiframework/web/auth/CAccessControlFilter.php(244): CAccessRule->isExpressionMatched()
#1 /opt/lampp/htdocs/musicdream/yiiframework/web/auth/CAccessControlFilter.php(115): CAccessRule->isUserAllowed()
#2 /opt/lampp/htdocs/musicdream/yiiframework/web/filters/CFilter.php(39): CAccessControlFilter->preFilter()
#3 /opt/lampp/htdocs/musicdream/yiiframework/web/CController.php(1122): CAccessControlFilter->filter()
#4 /opt/lampp/htdocs/musicdream/yiiframework/web/filters/CInlineFilter.php(59): PlaylistController->filterAccessControl()
#5 /opt/lampp/htdocs/musicdream/yiiframework/web/filters/CFilterChain.php(130): CInlineFilter->filter()
#6 /opt/lampp/htdocs/musicdream/yiiframework/web/CController.php(283): CFilterChain->run()
#7 /opt/lampp/htdocs/musicdream/yiiframework/web/CController.php(257): PlaylistController->runActionWithFilters()
#8 /opt/lampp/htdocs/musicdream/yiiframework/web/CWebApplication.php(328): PlaylistController->run()
#9 /opt/lampp/htdocs/musicdream/yiiframework/web/CWebApplication.php(121): CWebApplication->runController()
#10 /opt/lampp/htdocs/musicdream/yiiframework/base/CApplication.php(155): CWebApplication->processRequest()
#11 /opt/lampp/htdocs/musicdream/index.php(10): CWebApplication->run()
REQUEST_URI=/musicdream/index.php?r=playlist/view&id=1
in /opt/lampp/htdocs/musicdream/index.php (10)
2011/04/07 08:48:17 [error] [php] Undefined index: css (/opt/lampp/htdocs/musicdream/yiiframework/web/widgets/CTreeView.php:211)
Stack trace:
#0 /opt/lampp/htdocs/musicdream/yiiframework/web/CBaseController.php(165): ArtistController->createWidget()
#1 /opt/lampp/htdocs/musicdream/protected/views/layouts/column2_artist.php(24): ArtistController->widget()
#2 /opt/lampp/htdocs/musicdream/yiiframework/web/CBaseController.php(119): require()
#3 /opt/lampp/htdocs/musicdream/yiiframework/web/CBaseController.php(88): ArtistController->renderInternal()
#4 /opt/lampp/htdocs/musicdream/yiiframework/web/CController.php(781): ArtistController->renderFile()
#5 /opt/lampp/htdocs/musicdream/protected/components/XRenderAction.php(78): ArtistController->render()
#6 /opt/lampp/htdocs/musicdream/protected/controllers/artist/IndexAction.php(28): IndexAction->render()
#7 /opt/lampp/htdocs/musicdream/yiiframework/web/actions/CAction.php(72): IndexAction->run()
#8 /opt/lampp/htdocs/musicdream/yiiframework/web/CController.php(300): IndexAction->runWithParams()
#9 /opt/lampp/htdocs/musicdream/yiiframework/web/filters/CFilterChain.php(133): ArtistController->runAction()
#10 /opt/lampp/htdocs/musicdream/yiiframework/web/filters/CFilter.php(41): CFilterChain->run()
#11 /opt/lampp/htdocs/musicdream/yiiframework/web/CController.php(1122): CAccessControlFilter->filter()
#12 /opt/lampp/htdocs/musicdream/yiiframework/web/filters/CInlineFilter.php(59): ArtistController->filterAccessControl()
#13 /opt/lampp/htdocs/musicdream/yiiframework/web/filters/CFilterChain.php(130): CInlineFilter->filter()
#14 /opt/lampp/htdocs/musicdream/yiiframework/web/CController.php(283): CFilterChain->run()
#15 /opt/lampp/htdocs/musicdream/yiiframework/web/CController.php(257): ArtistController->runActionWithFilters()
#16 /opt/lampp/htdocs/musicdream/yiiframework/web/CWebApplication.php(328): ArtistController->run()
#17 /opt/lampp/htdocs/musicdream/yiiframework/web/CWebApplication.php(121): CWebApplication->runController()
#18 /opt/lampp/htdocs/musicdream/yiiframework/base/CApplication.php(155): CWebApplication->processRequest()
#19 /opt/lampp/htdocs/musicdream/index.php(10): CWebApplication->run()
REQUEST_URI=/musicdream/index.php?r=artist/index
in /opt/lampp/htdocs/musicdream/protected/views/layouts/column2_artist.php (24)
in /opt/lampp/htdocs/musicdream/protected/components/XRenderAction.php (78)
in /opt/lampp/htdocs/musicdream/protected/controllers/artist/IndexAction.php (28)
2011/04/08 10:38:44 [error] [php] Undefined index: css (/opt/lampp/htdocs/musicdream/yiiframework/web/widgets/CTreeView.php:211)
Stack trace:
#0 /opt/lampp/htdocs/musicdream/yiiframework/web/CBaseController.php(165): ArtistController->createWidget()
#1 /opt/lampp/htdocs/musicdream/protected/views/layouts/column2_artist.php(24): ArtistController->widget()
#2 /opt/lampp/htdocs/musicdream/yiiframework/web/CBaseController.php(119): require()
#3 /opt/lampp/htdocs/musicdream/yiiframework/web/CBaseController.php(88): ArtistController->renderInternal()
#4 /opt/lampp/htdocs/musicdream/yiiframework/web/CController.php(781): ArtistController->renderFile()
#5 /opt/lampp/htdocs/musicdream/protected/components/XRenderAction.php(78): ArtistController->render()
#6 /opt/lampp/htdocs/musicdream/protected/controllers/artist/IndexAction.php(28): IndexAction->render()
#7 /opt/lampp/htdocs/musicdream/yiiframework/web/actions/CAction.php(72): IndexAction->run()
#8 /opt/lampp/htdocs/musicdream/yiiframework/web/CController.php(300): IndexAction->runWithParams()
#9 /opt/lampp/htdocs/musicdream/yiiframework/web/filters/CFilterChain.php(133): ArtistController->runAction()
#10 /opt/lampp/htdocs/musicdream/yiiframework/web/filters/CFilter.php(41): CFilterChain->run()
#11 /opt/lampp/htdocs/musicdream/yiiframework/web/CController.php(1122): CAccessControlFilter->filter()
#12 /opt/lampp/htdocs/musicdream/yiiframework/web/filters/CInlineFilter.php(59): ArtistController->filterAccessControl()
#13 /opt/lampp/htdocs/musicdream/yiiframework/web/filters/CFilterChain.php(130): CInlineFilter->filter()
#14 /opt/lampp/htdocs/musicdream/yiiframework/web/CController.php(283): CFilterChain->run()
#15 /opt/lampp/htdocs/musicdream/yiiframework/web/CController.php(257): ArtistController->runActionWithFilters()
#16 /opt/lampp/htdocs/musicdream/yiiframework/web/CWebApplication.php(328): ArtistController->run()
#17 /opt/lampp/htdocs/musicdream/yiiframework/web/CWebApplication.php(121): CWebApplication->runController()
#18 /opt/lampp/htdocs/musicdream/yiiframework/base/CApplication.php(155): CWebApplication->processRequest()
#19 /opt/lampp/htdocs/musicdream/index.php(10): CWebApplication->run()
REQUEST_URI=/musicdream/index.php?r=artist/index
in /opt/lampp/htdocs/musicdream/protected/views/layouts/column2_artist.php (24)
in /opt/lampp/htdocs/musicdream/protected/components/XRenderAction.php (78)
in /opt/lampp/htdocs/musicdream/protected/controllers/artist/IndexAction.php (28)
2011/04/08 10:50:52 [error] [php] Undefined index: css (/opt/lampp/htdocs/musicdream/yiiframework/web/widgets/CTreeView.php:211)
Stack trace:
#0 /opt/lampp/htdocs/musicdream/yiiframework/web/CBaseController.php(165): ArtistController->createWidget()
#1 /opt/lampp/htdocs/musicdream/protected/views/layouts/column2_artist.php(24): ArtistController->widget()
#2 /opt/lampp/htdocs/musicdream/yiiframework/web/CBaseController.php(119): require()
#3 /opt/lampp/htdocs/musicdream/yiiframework/web/CBaseController.php(88): ArtistController->renderInternal()
#4 /opt/lampp/htdocs/musicdream/yiiframework/web/CController.php(781): ArtistController->renderFile()
#5 /opt/lampp/htdocs/musicdream/protected/components/XRenderAction.php(78): ArtistController->render()
#6 /opt/lampp/htdocs/musicdream/protected/controllers/artist/IndexAction.php(28): IndexAction->render()
#7 /opt/lampp/htdocs/musicdream/yiiframework/web/actions/CAction.php(72): IndexAction->run()
#8 /opt/lampp/htdocs/musicdream/yiiframework/web/CController.php(300): IndexAction->runWithParams()
#9 /opt/lampp/htdocs/musicdream/yiiframework/web/filters/CFilterChain.php(133): ArtistController->runAction()
#10 /opt/lampp/htdocs/musicdream/yiiframework/web/filters/CFilter.php(41): CFilterChain->run()
#11 /opt/lampp/htdocs/musicdream/yiiframework/web/CController.php(1122): CAccessControlFilter->filter()
#12 /opt/lampp/htdocs/musicdream/yiiframework/web/filters/CInlineFilter.php(59): ArtistController->filterAccessControl()
#13 /opt/lampp/htdocs/musicdream/yiiframework/web/filters/CFilterChain.php(130): CInlineFilter->filter()
#14 /opt/lampp/htdocs/musicdream/yiiframework/web/CController.php(283): CFilterChain->run()
#15 /opt/lampp/htdocs/musicdream/yiiframework/web/CController.php(257): ArtistController->runActionWithFilters()
#16 /opt/lampp/htdocs/musicdream/yiiframework/web/CWebApplication.php(328): ArtistController->run()
#17 /opt/lampp/htdocs/musicdream/yiiframework/web/CWebApplication.php(121): CWebApplication->runController()
#18 /opt/lampp/htdocs/musicdream/yiiframework/base/CApplication.php(155): CWebApplication->processRequest()
#19 /opt/lampp/htdocs/musicdream/index.php(11): CWebApplication->run()
REQUEST_URI=/musicdream/index.php?r=artist/index
in /opt/lampp/htdocs/musicdream/protected/views/layouts/column2_artist.php (24)
in /opt/lampp/htdocs/musicdream/protected/components/XRenderAction.php (78)
in /opt/lampp/htdocs/musicdream/protected/controllers/artist/IndexAction.php (28)
2011/04/08 11:39:47 [error] [php] Declaration of IndexAction::run() should be compatible with that of XRenderAction::run() (/opt/lampp/htdocs/musicdream/protected/controllers/artist/IndexAction.php:3)
Stack trace:
#0 /opt/lampp/htdocs/musicdream/yiiframework/web/CController.php(434): createComponent()
#1 /opt/lampp/htdocs/musicdream/yiiframework/web/CController.php(410): ArtistController->createActionFromMap()
#2 /opt/lampp/htdocs/musicdream/yiiframework/web/CController.php(251): ArtistController->createAction()
#3 /opt/lampp/htdocs/musicdream/yiiframework/web/CWebApplication.php(328): ArtistController->run()
#4 /opt/lampp/htdocs/musicdream/yiiframework/web/CWebApplication.php(121): CWebApplication->runController()
#5 /opt/lampp/htdocs/musicdream/yiiframework/base/CApplication.php(155): CWebApplication->processRequest()
#6 /opt/lampp/htdocs/musicdream/index.php(11): CWebApplication->run()
REQUEST_URI=/musicdream/index.php?r=artist/index&region=1&type=2
in /opt/lampp/htdocs/musicdream/protected/controllers/artist/IndexAction.php (3)
in /opt/lampp/htdocs/musicdream/index.php (11)
2011/04/08 11:43:59 [error] [exception.CHttpException.400] exception 'CHttpException' with message 'Your request is invalid.' in /opt/lampp/htdocs/musicdream/yiiframework/web/CController.php:328
Stack trace:
#0 /opt/lampp/htdocs/musicdream/yiiframework/web/CController.php(301): CController->invalidActionParams(Object(IndexAction))
#1 /opt/lampp/htdocs/musicdream/yiiframework/web/filters/CFilterChain.php(133): CController->runAction(Object(IndexAction))
#2 /opt/lampp/htdocs/musicdream/yiiframework/web/filters/CFilter.php(41): CFilterChain->run()
#3 /opt/lampp/htdocs/musicdream/yiiframework/web/CController.php(1122): CFilter->filter(Object(CFilterChain))
#4 /opt/lampp/htdocs/musicdream/yiiframework/web/filters/CInlineFilter.php(59): CController->filterAccessControl(Object(CFilterChain))
#5 /opt/lampp/htdocs/musicdream/yiiframework/web/filters/CFilterChain.php(130): CInlineFilter->filter(Object(CFilterChain))
#6 /opt/lampp/htdocs/musicdream/yiiframework/web/CController.php(283): CFilterChain->run()
#7 /opt/lampp/htdocs/musicdream/yiiframework/web/CController.php(257): CController->runActionWithFilters(Object(IndexAction), Array)
#8 /opt/lampp/htdocs/musicdream/yiiframework/web/CWebApplication.php(328): CController->run('index')
#9 /opt/lampp/htdocs/musicdream/yiiframework/web/CWebApplication.php(121): CWebApplication->runController('artist/index')
#10 /opt/lampp/htdocs/musicdream/yiiframework/base/CApplication.php(155): CWebApplication->processRequest()
#11 /opt/lampp/htdocs/musicdream/index.php(11): CApplication->run()
#12 {main} REQUEST_URI=/musicdream/index.php?r=artist/index&region
2011/04/08 11:54:15 [error] [exception.CHttpException.400] exception 'CHttpException' with message 'Your request is invalid.' in /opt/lampp/htdocs/musicdream/yiiframework/web/CController.php:328
Stack trace:
#0 /opt/lampp/htdocs/musicdream/yiiframework/web/CController.php(301): CController->invalidActionParams(Object(IndexAction))
#1 /opt/lampp/htdocs/musicdream/yiiframework/web/filters/CFilterChain.php(133): CController->runAction(Object(IndexAction))
#2 /opt/lampp/htdocs/musicdream/yiiframework/web/filters/CFilter.php(41): CFilterChain->run()
#3 /opt/lampp/htdocs/musicdream/yiiframework/web/CController.php(1122): CFilter->filter(Object(CFilterChain))
#4 /opt/lampp/htdocs/musicdream/yiiframework/web/filters/CInlineFilter.php(59): CController->filterAccessControl(Object(CFilterChain))
#5 /opt/lampp/htdocs/musicdream/yiiframework/web/filters/CFilterChain.php(130): CInlineFilter->filter(Object(CFilterChain))
#6 /opt/lampp/htdocs/musicdream/yiiframework/web/CController.php(283): CFilterChain->run()
#7 /opt/lampp/htdocs/musicdream/yiiframework/web/CController.php(257): CController->runActionWithFilters(Object(IndexAction), Array)
#8 /opt/lampp/htdocs/musicdream/yiiframework/web/CWebApplication.php(328): CController->run('index')
#9 /opt/lampp/htdocs/musicdream/yiiframework/web/CWebApplication.php(121): CWebApplication->runController('artist/index')
#10 /opt/lampp/htdocs/musicdream/yiiframework/base/CApplication.php(155): CWebApplication->processRequest()
#11 /opt/lampp/htdocs/musicdream/index.php(11): CApplication->run()
#12 {main} REQUEST_URI=/musicdream/index.php?r=artist/index
2011/04/08 11:54:18 [error] [exception.CHttpException.400] exception 'CHttpException' with message 'Your request is invalid.' in /opt/lampp/htdocs/musicdream/yiiframework/web/CController.php:328
Stack trace:
#0 /opt/lampp/htdocs/musicdream/yiiframework/web/CController.php(301): CController->invalidActionParams(Object(IndexAction))
#1 /opt/lampp/htdocs/musicdream/yiiframework/web/filters/CFilterChain.php(133): CController->runAction(Object(IndexAction))
#2 /opt/lampp/htdocs/musicdream/yiiframework/web/filters/CFilter.php(41): CFilterChain->run()
#3 /opt/lampp/htdocs/musicdream/yiiframework/web/CController.php(1122): CFilter->filter(Object(CFilterChain))
#4 /opt/lampp/htdocs/musicdream/yiiframework/web/filters/CInlineFilter.php(59): CController->filterAccessControl(Object(CFilterChain))
#5 /opt/lampp/htdocs/musicdream/yiiframework/web/filters/CFilterChain.php(130): CInlineFilter->filter(Object(CFilterChain))
#6 /opt/lampp/htdocs/musicdream/yiiframework/web/CController.php(283): CFilterChain->run()
#7 /opt/lampp/htdocs/musicdream/yiiframework/web/CController.php(257): CController->runActionWithFilters(Object(IndexAction), Array)
#8 /opt/lampp/htdocs/musicdream/yiiframework/web/CWebApplication.php(328): CController->run('index')
#9 /opt/lampp/htdocs/musicdream/yiiframework/web/CWebApplication.php(121): CWebApplication->runController('artist/index')
#10 /opt/lampp/htdocs/musicdream/yiiframework/base/CApplication.php(155): CWebApplication->processRequest()
#11 /opt/lampp/htdocs/musicdream/index.php(11): CApplication->run()
#12 {main} REQUEST_URI=/musicdream/index.php?r=artist/index
2011/04/08 11:54:21 [error] [exception.CHttpException.400] exception 'CHttpException' with message 'Your request is invalid.' in /opt/lampp/htdocs/musicdream/yiiframework/web/CController.php:328
Stack trace:
#0 /opt/lampp/htdocs/musicdream/yiiframework/web/CController.php(301): CController->invalidActionParams(Object(IndexAction))
#1 /opt/lampp/htdocs/musicdream/yiiframework/web/filters/CFilterChain.php(133): CController->runAction(Object(IndexAction))
#2 /opt/lampp/htdocs/musicdream/yiiframework/web/filters/CFilter.php(41): CFilterChain->run()
#3 /opt/lampp/htdocs/musicdream/yiiframework/web/CController.php(1122): CFilter->filter(Object(CFilterChain))
#4 /opt/lampp/htdocs/musicdream/yiiframework/web/filters/CInlineFilter.php(59): CController->filterAccessControl(Object(CFilterChain))
#5 /opt/lampp/htdocs/musicdream/yiiframework/web/filters/CFilterChain.php(130): CInlineFilter->filter(Object(CFilterChain))
#6 /opt/lampp/htdocs/musicdream/yiiframework/web/CController.php(283): CFilterChain->run()
#7 /opt/lampp/htdocs/musicdream/yiiframework/web/CController.php(257): CController->runActionWithFilters(Object(IndexAction), Array)
#8 /opt/lampp/htdocs/musicdream/yiiframework/web/CWebApplication.php(328): CController->run('index')
#9 /opt/lampp/htdocs/musicdream/yiiframework/web/CWebApplication.php(121): CWebApplication->runController('artist/index')
#10 /opt/lampp/htdocs/musicdream/yiiframework/base/CApplication.php(155): CWebApplication->processRequest()
#11 /opt/lampp/htdocs/musicdream/index.php(11): CApplication->run()
#12 {main} REQUEST_URI=/musicdream/index.php?r=artist/index
2011/04/08 11:54:23 [error] [exception.CHttpException.400] exception 'CHttpException' with message 'Your request is invalid.' in /opt/lampp/htdocs/musicdream/yiiframework/web/CController.php:328
Stack trace:
#0 /opt/lampp/htdocs/musicdream/yiiframework/web/CController.php(301): CController->invalidActionParams(Object(IndexAction))
#1 /opt/lampp/htdocs/musicdream/yiiframework/web/filters/CFilterChain.php(133): CController->runAction(Object(IndexAction))
#2 /opt/lampp/htdocs/musicdream/yiiframework/web/filters/CFilter.php(41): CFilterChain->run()
#3 /opt/lampp/htdocs/musicdream/yiiframework/web/CController.php(1122): CFilter->filter(Object(CFilterChain))
#4 /opt/lampp/htdocs/musicdream/yiiframework/web/filters/CInlineFilter.php(59): CController->filterAccessControl(Object(CFilterChain))
#5 /opt/lampp/htdocs/musicdream/yiiframework/web/filters/CFilterChain.php(130): CInlineFilter->filter(Object(CFilterChain))
#6 /opt/lampp/htdocs/musicdream/yiiframework/web/CController.php(283): CFilterChain->run()
#7 /opt/lampp/htdocs/musicdream/yiiframework/web/CController.php(257): CController->runActionWithFilters(Object(IndexAction), Array)
#8 /opt/lampp/htdocs/musicdream/yiiframework/web/CWebApplication.php(328): CController->run('index')
#9 /opt/lampp/htdocs/musicdream/yiiframework/web/CWebApplication.php(121): CWebApplication->runController('artist/index')
#10 /opt/lampp/htdocs/musicdream/yiiframework/base/CApplication.php(155): CWebApplication->processRequest()
#11 /opt/lampp/htdocs/musicdream/index.php(11): CApplication->run()
#12 {main} REQUEST_URI=/musicdream/index.php?r=artist/index
2011/04/08 11:54:27 [error] [exception.CHttpException.400] exception 'CHttpException' with message 'Your request is invalid.' in /opt/lampp/htdocs/musicdream/yiiframework/web/CController.php:328
Stack trace:
#0 /opt/lampp/htdocs/musicdream/yiiframework/web/CController.php(301): CController->invalidActionParams(Object(IndexAction))
#1 /opt/lampp/htdocs/musicdream/yiiframework/web/filters/CFilterChain.php(133): CController->runAction(Object(IndexAction))
#2 /opt/lampp/htdocs/musicdream/yiiframework/web/filters/CFilter.php(41): CFilterChain->run()
#3 /opt/lampp/htdocs/musicdream/yiiframework/web/CController.php(1122): CFilter->filter(Object(CFilterChain))
#4 /opt/lampp/htdocs/musicdream/yiiframework/web/filters/CInlineFilter.php(59): CController->filterAccessControl(Object(CFilterChain))
#5 /opt/lampp/htdocs/musicdream/yiiframework/web/filters/CFilterChain.php(130): CInlineFilter->filter(Object(CFilterChain))
#6 /opt/lampp/htdocs/musicdream/yiiframework/web/CController.php(283): CFilterChain->run()
#7 /opt/lampp/htdocs/musicdream/yiiframework/web/CController.php(257): CController->runActionWithFilters(Object(IndexAction), Array)
#8 /opt/lampp/htdocs/musicdream/yiiframework/web/CWebApplication.php(328): CController->run('index')
#9 /opt/lampp/htdocs/musicdream/yiiframework/web/CWebApplication.php(121): CWebApplication->runController('artist/index')
#10 /opt/lampp/htdocs/musicdream/yiiframework/base/CApplication.php(155): CWebApplication->processRequest()
#11 /opt/lampp/htdocs/musicdream/index.php(11): CApplication->run()
#12 {main} REQUEST_URI=/musicdream/index.php?r=artist/index
2011/04/08 11:54:28 [error] [exception.CHttpException.400] exception 'CHttpException' with message 'Your request is invalid.' in /opt/lampp/htdocs/musicdream/yiiframework/web/CController.php:328
Stack trace:
#0 /opt/lampp/htdocs/musicdream/yiiframework/web/CController.php(301): CController->invalidActionParams(Object(IndexAction))
#1 /opt/lampp/htdocs/musicdream/yiiframework/web/filters/CFilterChain.php(133): CController->runAction(Object(IndexAction))
#2 /opt/lampp/htdocs/musicdream/yiiframework/web/filters/CFilter.php(41): CFilterChain->run()
#3 /opt/lampp/htdocs/musicdream/yiiframework/web/CController.php(1122): CFilter->filter(Object(CFilterChain))
#4 /opt/lampp/htdocs/musicdream/yiiframework/web/filters/CInlineFilter.php(59): CController->filterAccessControl(Object(CFilterChain))
#5 /opt/lampp/htdocs/musicdream/yiiframework/web/filters/CFilterChain.php(130): CInlineFilter->filter(Object(CFilterChain))
#6 /opt/lampp/htdocs/musicdream/yiiframework/web/CController.php(283): CFilterChain->run()
#7 /opt/lampp/htdocs/musicdream/yiiframework/web/CController.php(257): CController->runActionWithFilters(Object(IndexAction), Array)
#8 /opt/lampp/htdocs/musicdream/yiiframework/web/CWebApplication.php(328): CController->run('index')
#9 /opt/lampp/htdocs/musicdream/yiiframework/web/CWebApplication.php(121): CWebApplication->runController('artist/index')
#10 /opt/lampp/htdocs/musicdream/yiiframework/base/CApplication.php(155): CWebApplication->processRequest()
#11 /opt/lampp/htdocs/musicdream/index.php(11): CApplication->run()
#12 {main} REQUEST_URI=/musicdream/index.php?r=artist/index
2011/04/08 11:57:44 [error] [exception.CHttpException.404] exception 'CHttpException' with message 'The requested page does not exist.' in /opt/lampp/htdocs/musicdream/protected/controllers/AlbumController.php:95
Stack trace:
#0 [internal function]: AlbumController->loadModel()
#1 /opt/lampp/htdocs/musicdream/protected/components/XRenderAction.php(168): call_user_func_array(Array, Array)
#2 /opt/lampp/htdocs/musicdream/protected/controllers/album/ViewAction.php(6): XRenderAction->__call('loadModel', Array)
#3 /opt/lampp/htdocs/musicdream/protected/controllers/album/ViewAction.php(6): ViewAction->loadModel()
#4 /opt/lampp/htdocs/musicdream/yiiframework/web/actions/CAction.php(72): ViewAction->run()
#5 /opt/lampp/htdocs/musicdream/yiiframework/web/CController.php(300): CAction->runWithParams(Array)
#6 /opt/lampp/htdocs/musicdream/yiiframework/web/filters/CFilterChain.php(133): CController->runAction(Object(ViewAction))
#7 /opt/lampp/htdocs/musicdream/yiiframework/web/filters/CFilter.php(41): CFilterChain->run()
#8 /opt/lampp/htdocs/musicdream/yiiframework/web/CController.php(1122): CFilter->filter(Object(CFilterChain))
#9 /opt/lampp/htdocs/musicdream/yiiframework/web/filters/CInlineFilter.php(59): CController->filterAccessControl(Object(CFilterChain))
#10 /opt/lampp/htdocs/musicdream/yiiframework/web/filters/CFilterChain.php(130): CInlineFilter->filter(Object(CFilterChain))
#11 /opt/lampp/htdocs/musicdream/yiiframework/web/CController.php(283): CFilterChain->run()
#12 /opt/lampp/htdocs/musicdream/yiiframework/web/CController.php(257): CController->runActionWithFilters(Object(ViewAction), Array)
#13 /opt/lampp/htdocs/musicdream/yiiframework/web/CWebApplication.php(328): CController->run('view')
#14 /opt/lampp/htdocs/musicdream/yiiframework/web/CWebApplication.php(121): CWebApplication->runController('album/view')
#15 /opt/lampp/htdocs/musicdream/yiiframework/base/CApplication.php(155): CWebApplication->processRequest()
#16 /opt/lampp/htdocs/musicdream/index.php(11): CApplication->run()
#17 {main} REQUEST_URI=/musicdream/index.php?r=album/view&id=
2011/04/08 11:58:43 [error] [exception.CHttpException.404] exception 'CHttpException' with message '您请求的页面不存在。' in /opt/lampp/htdocs/musicdream/protected/controllers/MusicController.php:100
Stack trace:
#0 [internal function]: MusicController->loadModel()
#1 /opt/lampp/htdocs/musicdream/protected/components/XRenderAction.php(168): call_user_func_array(Array, Array)
#2 /opt/lampp/htdocs/musicdream/protected/controllers/music/ViewAction.php(11): XRenderAction->__call('loadModel', Array)
#3 /opt/lampp/htdocs/musicdream/protected/controllers/music/ViewAction.php(11): ViewAction->loadModel()
#4 /opt/lampp/htdocs/musicdream/yiiframework/web/actions/CAction.php(72): ViewAction->run()
#5 /opt/lampp/htdocs/musicdream/yiiframework/web/CController.php(300): CAction->runWithParams(Array)
#6 /opt/lampp/htdocs/musicdream/yiiframework/web/filters/CFilterChain.php(133): CController->runAction(Object(ViewAction))
#7 /opt/lampp/htdocs/musicdream/yiiframework/web/filters/CFilter.php(41): CFilterChain->run()
#8 /opt/lampp/htdocs/musicdream/yiiframework/web/CController.php(1122): CFilter->filter(Object(CFilterChain))
#9 /opt/lampp/htdocs/musicdream/yiiframework/web/filters/CInlineFilter.php(59): CController->filterAccessControl(Object(CFilterChain))
#10 /opt/lampp/htdocs/musicdream/yiiframework/web/filters/CFilterChain.php(130): CInlineFilter->filter(Object(CFilterChain))
#11 /opt/lampp/htdocs/musicdream/yiiframework/web/CController.php(283): CFilterChain->run()
#12 /opt/lampp/htdocs/musicdream/yiiframework/web/CController.php(257): CController->runActionWithFilters(Object(ViewAction), Array)
#13 /opt/lampp/htdocs/musicdream/yiiframework/web/CWebApplication.php(328): CController->run('view')
#14 /opt/lampp/htdocs/musicdream/yiiframework/web/CWebApplication.php(121): CWebApplication->runController('music/view')
#15 /opt/lampp/htdocs/musicdream/yiiframework/base/CApplication.php(155): CWebApplication->processRequest()
#16 /opt/lampp/htdocs/musicdream/index.php(11): CApplication->run()
#17 {main} REQUEST_URI=/musicdream/index.php?r=music/view&id=
2011/04/08 11:59:37 [error] [php] call_user_func_array() expects parameter 1 to be a valid callback, non-static method PlaylistController::checkOwner() should not be called statically (/opt/lampp/htdocs/musicdream/yiiframework/base/CComponent.php:621)
Stack trace:
#0 /opt/lampp/htdocs/musicdream/yiiframework/web/auth/CAccessControlFilter.php(244): CAccessRule->isExpressionMatched()
#1 /opt/lampp/htdocs/musicdream/yiiframework/web/auth/CAccessControlFilter.php(115): CAccessRule->isUserAllowed()
#2 /opt/lampp/htdocs/musicdream/yiiframework/web/filters/CFilter.php(39): CAccessControlFilter->preFilter()
#3 /opt/lampp/htdocs/musicdream/yiiframework/web/CController.php(1122): CAccessControlFilter->filter()
#4 /opt/lampp/htdocs/musicdream/yiiframework/web/filters/CInlineFilter.php(59): PlaylistController->filterAccessControl()
#5 /opt/lampp/htdocs/musicdream/yiiframework/web/filters/CFilterChain.php(130): CInlineFilter->filter()
#6 /opt/lampp/htdocs/musicdream/yiiframework/web/CController.php(283): CFilterChain->run()
#7 /opt/lampp/htdocs/musicdream/yiiframework/web/CController.php(257): PlaylistController->runActionWithFilters()
#8 /opt/lampp/htdocs/musicdream/yiiframework/web/CWebApplication.php(328): PlaylistController->run()
#9 /opt/lampp/htdocs/musicdream/yiiframework/web/CWebApplication.php(121): CWebApplication->runController()
#10 /opt/lampp/htdocs/musicdream/yiiframework/base/CApplication.php(155): CWebApplication->processRequest()
#11 /opt/lampp/htdocs/musicdream/index.php(11): CWebApplication->run()
REQUEST_URI=/musicdream/index.php?r=playlist/view&id=1
in /opt/lampp/htdocs/musicdream/index.php (11)
2011/04/08 12:00:22 [error] [exception.CHttpException.403] exception 'CHttpException' with message '您未被授权执行这个动作' in /opt/lampp/htdocs/musicdream/yiiframework/web/auth/CAccessControlFilter.php:157
Stack trace:
#0 /opt/lampp/htdocs/musicdream/yiiframework/web/auth/CAccessControlFilter.php(119): CAccessControlFilter->accessDenied(Object(CWebUser), '???????????????...')
#1 /opt/lampp/htdocs/musicdream/yiiframework/web/filters/CFilter.php(39): CAccessControlFilter->preFilter(Object(CFilterChain))
#2 /opt/lampp/htdocs/musicdream/yiiframework/web/CController.php(1122): CFilter->filter(Object(CFilterChain))
#3 /opt/lampp/htdocs/musicdream/yiiframework/web/filters/CInlineFilter.php(59): CController->filterAccessControl(Object(CFilterChain))
#4 /opt/lampp/htdocs/musicdream/yiiframework/web/filters/CFilterChain.php(130): CInlineFilter->filter(Object(CFilterChain))
#5 /opt/lampp/htdocs/musicdream/yiiframework/web/CController.php(283): CFilterChain->run()
#6 /opt/lampp/htdocs/musicdream/yiiframework/web/CController.php(257): CController->runActionWithFilters(Object(AdminAction), Array)
#7 /opt/lampp/htdocs/musicdream/yiiframework/web/CWebApplication.php(328): CController->run('admin')
#8 /opt/lampp/htdocs/musicdream/yiiframework/web/CWebApplication.php(121): CWebApplication->runController('playlist/admin')
#9 /opt/lampp/htdocs/musicdream/yiiframework/base/CApplication.php(155): CWebApplication->processRequest()
#10 /opt/lampp/htdocs/musicdream/index.php(11): CApplication->run()
#11 {main} REQUEST_URI=/musicdream/index.php?r=playlist/admin
2011/04/08 12:00:28 [error] [php] call_user_func_array() expects parameter 1 to be a valid callback, non-static method PlaylistController::checkOwner() should not be called statically (/opt/lampp/htdocs/musicdream/yiiframework/base/CComponent.php:621)
Stack trace:
#0 /opt/lampp/htdocs/musicdream/yiiframework/web/auth/CAccessControlFilter.php(244): CAccessRule->isExpressionMatched()
#1 /opt/lampp/htdocs/musicdream/yiiframework/web/auth/CAccessControlFilter.php(115): CAccessRule->isUserAllowed()
#2 /opt/lampp/htdocs/musicdream/yiiframework/web/filters/CFilter.php(39): CAccessControlFilter->preFilter()
#3 /opt/lampp/htdocs/musicdream/yiiframework/web/CController.php(1122): CAccessControlFilter->filter()
#4 /opt/lampp/htdocs/musicdream/yiiframework/web/filters/CInlineFilter.php(59): PlaylistController->filterAccessControl()
#5 /opt/lampp/htdocs/musicdream/yiiframework/web/filters/CFilterChain.php(130): CInlineFilter->filter()
#6 /opt/lampp/htdocs/musicdream/yiiframework/web/CController.php(283): CFilterChain->run()
#7 /opt/lampp/htdocs/musicdream/yiiframework/web/CController.php(257): PlaylistController->runActionWithFilters()
#8 /opt/lampp/htdocs/musicdream/yiiframework/web/CWebApplication.php(328): PlaylistController->run()
#9 /opt/lampp/htdocs/musicdream/yiiframework/web/CWebApplication.php(121): CWebApplication->runController()
#10 /opt/lampp/htdocs/musicdream/yiiframework/base/CApplication.php(155): CWebApplication->processRequest()
#11 /opt/lampp/htdocs/musicdream/index.php(11): CWebApplication->run()
REQUEST_URI=/musicdream/index.php?r=playlist/view&id=1
in /opt/lampp/htdocs/musicdream/index.php (11)
2011/04/08 12:11:18 [error] [php] Undefined index: id (/opt/lampp/htdocs/musicdream/yiiframework/base/CComponent.php(616) : eval()'d code:1)
Stack trace:
#0 /opt/lampp/htdocs/musicdream/yiiframework/web/auth/CAccessControlFilter.php(244): CAccessRule->isExpressionMatched()
#1 /opt/lampp/htdocs/musicdream/yiiframework/web/auth/CAccessControlFilter.php(115): CAccessRule->isUserAllowed()
#2 /opt/lampp/htdocs/musicdream/yiiframework/web/filters/CFilter.php(39): CAccessControlFilter->preFilter()
#3 /opt/lampp/htdocs/musicdream/yiiframework/web/CController.php(1122): CAccessControlFilter->filter()
#4 /opt/lampp/htdocs/musicdream/yiiframework/web/filters/CInlineFilter.php(59): UserProfileController->filterAccessControl()
#5 /opt/lampp/htdocs/musicdream/yiiframework/web/filters/CFilterChain.php(130): CInlineFilter->filter()
#6 /opt/lampp/htdocs/musicdream/yiiframework/web/CController.php(283): CFilterChain->run()
#7 /opt/lampp/htdocs/musicdream/yiiframework/web/CController.php(257): UserProfileController->runActionWithFilters()
#8 /opt/lampp/htdocs/musicdream/yiiframework/web/CWebApplication.php(328): UserProfileController->run()
#9 /opt/lampp/htdocs/musicdream/yiiframework/web/CWebApplication.php(121): CWebApplication->runController()
#10 /opt/lampp/htdocs/musicdream/yiiframework/base/CApplication.php(155): CWebApplication->processRequest()
#11 /opt/lampp/htdocs/musicdream/index.php(11): CWebApplication->run()
REQUEST_URI=/musicdream/index.php?r=userProfile/update&uid=9
in /opt/lampp/htdocs/musicdream/index.php (11)
2011/04/08 12:13:26 [error] [php] Undefined index: id (/opt/lampp/htdocs/musicdream/yiiframework/base/CComponent.php(616) : eval()'d code:1)
Stack trace:
#0 /opt/lampp/htdocs/musicdream/yiiframework/web/auth/CAccessControlFilter.php(244): CAccessRule->isExpressionMatched()
#1 /opt/lampp/htdocs/musicdream/yiiframework/web/auth/CAccessControlFilter.php(115): CAccessRule->isUserAllowed()
#2 /opt/lampp/htdocs/musicdream/yiiframework/web/filters/CFilter.php(39): CAccessControlFilter->preFilter()
#3 /opt/lampp/htdocs/musicdream/yiiframework/web/CController.php(1122): CAccessControlFilter->filter()
#4 /opt/lampp/htdocs/musicdream/yiiframework/web/filters/CInlineFilter.php(59): UserProfileController->filterAccessControl()
#5 /opt/lampp/htdocs/musicdream/yiiframework/web/filters/CFilterChain.php(130): CInlineFilter->filter()
#6 /opt/lampp/htdocs/musicdream/yiiframework/web/CController.php(283): CFilterChain->run()
#7 /opt/lampp/htdocs/musicdream/yiiframework/web/CController.php(257): UserProfileController->runActionWithFilters()
#8 /opt/lampp/htdocs/musicdream/yiiframework/web/CWebApplication.php(328): UserProfileController->run()
#9 /opt/lampp/htdocs/musicdream/yiiframework/web/CWebApplication.php(121): CWebApplication->runController()
#10 /opt/lampp/htdocs/musicdream/yiiframework/base/CApplication.php(155): CWebApplication->processRequest()
#11 /opt/lampp/htdocs/musicdream/index.php(11): CWebApplication->run()
REQUEST_URI=/musicdream/index.php?r=userProfile/update&uid=9
in /opt/lampp/htdocs/musicdream/index.php (11)
2011/04/08 12:15:11 [error] [php] Undefined index: id (/opt/lampp/htdocs/musicdream/yiiframework/base/CComponent.php(616) : eval()'d code:1)
Stack trace:
#0 /opt/lampp/htdocs/musicdream/yiiframework/web/auth/CAccessControlFilter.php(244): CAccessRule->isExpressionMatched()
#1 /opt/lampp/htdocs/musicdream/yiiframework/web/auth/CAccessControlFilter.php(115): CAccessRule->isUserAllowed()
#2 /opt/lampp/htdocs/musicdream/yiiframework/web/filters/CFilter.php(39): CAccessControlFilter->preFilter()
#3 /opt/lampp/htdocs/musicdream/yiiframework/web/CController.php(1122): CAccessControlFilter->filter()
#4 /opt/lampp/htdocs/musicdream/yiiframework/web/filters/CInlineFilter.php(59): UserProfileController->filterAccessControl()
#5 /opt/lampp/htdocs/musicdream/yiiframework/web/filters/CFilterChain.php(130): CInlineFilter->filter()
#6 /opt/lampp/htdocs/musicdream/yiiframework/web/CController.php(283): CFilterChain->run()
#7 /opt/lampp/htdocs/musicdream/yiiframework/web/CController.php(257): UserProfileController->runActionWithFilters()
#8 /opt/lampp/htdocs/musicdream/yiiframework/web/CWebApplication.php(328): UserProfileController->run()
#9 /opt/lampp/htdocs/musicdream/yiiframework/web/CWebApplication.php(121): CWebApplication->runController()
#10 /opt/lampp/htdocs/musicdream/yiiframework/base/CApplication.php(155): CWebApplication->processRequest()
#11 /opt/lampp/htdocs/musicdream/index.php(11): CWebApplication->run()
REQUEST_URI=/musicdream/index.php?r=userProfile/update&uid=9
in /opt/lampp/htdocs/musicdream/index.php (11)
2011/04/08 12:15:12 [error] [php] Undefined index: id (/opt/lampp/htdocs/musicdream/yiiframework/base/CComponent.php(616) : eval()'d code:1)
Stack trace:
#0 /opt/lampp/htdocs/musicdream/yiiframework/web/auth/CAccessControlFilter.php(244): CAccessRule->isExpressionMatched()
#1 /opt/lampp/htdocs/musicdream/yiiframework/web/auth/CAccessControlFilter.php(115): CAccessRule->isUserAllowed()
#2 /opt/lampp/htdocs/musicdream/yiiframework/web/filters/CFilter.php(39): CAccessControlFilter->preFilter()
#3 /opt/lampp/htdocs/musicdream/yiiframework/web/CController.php(1122): CAccessControlFilter->filter()
#4 /opt/lampp/htdocs/musicdream/yiiframework/web/filters/CInlineFilter.php(59): UserProfileController->filterAccessControl()
#5 /opt/lampp/htdocs/musicdream/yiiframework/web/filters/CFilterChain.php(130): CInlineFilter->filter()
#6 /opt/lampp/htdocs/musicdream/yiiframework/web/CController.php(283): CFilterChain->run()
#7 /opt/lampp/htdocs/musicdream/yiiframework/web/CController.php(257): UserProfileController->runActionWithFilters()
#8 /opt/lampp/htdocs/musicdream/yiiframework/web/CWebApplication.php(328): UserProfileController->run()
#9 /opt/lampp/htdocs/musicdream/yiiframework/web/CWebApplication.php(121): CWebApplication->runController()
#10 /opt/lampp/htdocs/musicdream/yiiframework/base/CApplication.php(155): CWebApplication->processRequest()
#11 /opt/lampp/htdocs/musicdream/index.php(11): CWebApplication->run()
REQUEST_URI=/musicdream/index.php?r=userProfile/update&uid=9
in /opt/lampp/htdocs/musicdream/index.php (11)
2011/04/08 12:15:39 [error] [php] Undefined index: id (/opt/lampp/htdocs/musicdream/yiiframework/base/CComponent.php(616) : eval()'d code:1)
Stack trace:
#0 /opt/lampp/htdocs/musicdream/yiiframework/web/auth/CAccessControlFilter.php(244): CAccessRule->isExpressionMatched()
#1 /opt/lampp/htdocs/musicdream/yiiframework/web/auth/CAccessControlFilter.php(115): CAccessRule->isUserAllowed()
#2 /opt/lampp/htdocs/musicdream/yiiframework/web/filters/CFilter.php(39): CAccessControlFilter->preFilter()
#3 /opt/lampp/htdocs/musicdream/yiiframework/web/CController.php(1122): CAccessControlFilter->filter()
#4 /opt/lampp/htdocs/musicdream/yiiframework/web/filters/CInlineFilter.php(59): UserProfileController->filterAccessControl()
#5 /opt/lampp/htdocs/musicdream/yiiframework/web/filters/CFilterChain.php(130): CInlineFilter->filter()
#6 /opt/lampp/htdocs/musicdream/yiiframework/web/CController.php(283): CFilterChain->run()
#7 /opt/lampp/htdocs/musicdream/yiiframework/web/CController.php(257): UserProfileController->runActionWithFilters()
#8 /opt/lampp/htdocs/musicdream/yiiframework/web/CWebApplication.php(328): UserProfileController->run()
#9 /opt/lampp/htdocs/musicdream/yiiframework/web/CWebApplication.php(121): CWebApplication->runController()
#10 /opt/lampp/htdocs/musicdream/yiiframework/base/CApplication.php(155): CWebApplication->processRequest()
#11 /opt/lampp/htdocs/musicdream/index.php(11): CWebApplication->run()
REQUEST_URI=/musicdream/index.php?r=userProfile/update&uid=9
in /opt/lampp/htdocs/musicdream/index.php (11)
2011/04/08 12:15:41 [error] [php] Undefined index: id (/opt/lampp/htdocs/musicdream/yiiframework/base/CComponent.php(616) : eval()'d code:1)
Stack trace:
#0 /opt/lampp/htdocs/musicdream/yiiframework/web/auth/CAccessControlFilter.php(244): CAccessRule->isExpressionMatched()
#1 /opt/lampp/htdocs/musicdream/yiiframework/web/auth/CAccessControlFilter.php(115): CAccessRule->isUserAllowed()
#2 /opt/lampp/htdocs/musicdream/yiiframework/web/filters/CFilter.php(39): CAccessControlFilter->preFilter()
#3 /opt/lampp/htdocs/musicdream/yiiframework/web/CController.php(1122): CAccessControlFilter->filter()
#4 /opt/lampp/htdocs/musicdream/yiiframework/web/filters/CInlineFilter.php(59): UserProfileController->filterAccessControl()
#5 /opt/lampp/htdocs/musicdream/yiiframework/web/filters/CFilterChain.php(130): CInlineFilter->filter()
#6 /opt/lampp/htdocs/musicdream/yiiframework/web/CController.php(283): CFilterChain->run()
#7 /opt/lampp/htdocs/musicdream/yiiframework/web/CController.php(257): UserProfileController->runActionWithFilters()
#8 /opt/lampp/htdocs/musicdream/yiiframework/web/CWebApplication.php(328): UserProfileController->run()
#9 /opt/lampp/htdocs/musicdream/yiiframework/web/CWebApplication.php(121): CWebApplication->runController()
#10 /opt/lampp/htdocs/musicdream/yiiframework/base/CApplication.php(155): CWebApplication->processRequest()
#11 /opt/lampp/htdocs/musicdream/index.php(11): CWebApplication->run()
REQUEST_URI=/musicdream/index.php?r=userProfile/update&uid=9
in /opt/lampp/htdocs/musicdream/index.php (11)
2011/04/08 12:15:47 [error] [php] Undefined index: id (/opt/lampp/htdocs/musicdream/yiiframework/base/CComponent.php(616) : eval()'d code:1)
Stack trace:
#0 /opt/lampp/htdocs/musicdream/yiiframework/web/auth/CAccessControlFilter.php(244): CAccessRule->isExpressionMatched()
#1 /opt/lampp/htdocs/musicdream/yiiframework/web/auth/CAccessControlFilter.php(115): CAccessRule->isUserAllowed()
#2 /opt/lampp/htdocs/musicdream/yiiframework/web/filters/CFilter.php(39): CAccessControlFilter->preFilter()
#3 /opt/lampp/htdocs/musicdream/yiiframework/web/CController.php(1122): CAccessControlFilter->filter()
#4 /opt/lampp/htdocs/musicdream/yiiframework/web/filters/CInlineFilter.php(59): UserProfileController->filterAccessControl()
#5 /opt/lampp/htdocs/musicdream/yiiframework/web/filters/CFilterChain.php(130): CInlineFilter->filter()
#6 /opt/lampp/htdocs/musicdream/yiiframework/web/CController.php(283): CFilterChain->run()
#7 /opt/lampp/htdocs/musicdream/yiiframework/web/CController.php(257): UserProfileController->runActionWithFilters()
#8 /opt/lampp/htdocs/musicdream/yiiframework/web/CWebApplication.php(328): UserProfileController->run()
#9 /opt/lampp/htdocs/musicdream/yiiframework/web/CWebApplication.php(121): CWebApplication->runController()
#10 /opt/lampp/htdocs/musicdream/yiiframework/base/CApplication.php(155): CWebApplication->processRequest()
#11 /opt/lampp/htdocs/musicdream/index.php(11): CWebApplication->run()
REQUEST_URI=/musicdream/index.php?r=userProfile/update
in /opt/lampp/htdocs/musicdream/index.php (11)
2011/04/08 12:15:49 [error] [php] Undefined index: id (/opt/lampp/htdocs/musicdream/yiiframework/base/CComponent.php(616) : eval()'d code:1)
Stack trace:
#0 /opt/lampp/htdocs/musicdream/yiiframework/web/auth/CAccessControlFilter.php(244): CAccessRule->isExpressionMatched()
#1 /opt/lampp/htdocs/musicdream/yiiframework/web/auth/CAccessControlFilter.php(115): CAccessRule->isUserAllowed()
#2 /opt/lampp/htdocs/musicdream/yiiframework/web/filters/CFilter.php(39): CAccessControlFilter->preFilter()
#3 /opt/lampp/htdocs/musicdream/yiiframework/web/CController.php(1122): CAccessControlFilter->filter()
#4 /opt/lampp/htdocs/musicdream/yiiframework/web/filters/CInlineFilter.php(59): UserProfileController->filterAccessControl()
#5 /opt/lampp/htdocs/musicdream/yiiframework/web/filters/CFilterChain.php(130): CInlineFilter->filter()
#6 /opt/lampp/htdocs/musicdream/yiiframework/web/CController.php(283): CFilterChain->run()
#7 /opt/lampp/htdocs/musicdream/yiiframework/web/CController.php(257): UserProfileController->runActionWithFilters()
#8 /opt/lampp/htdocs/musicdream/yiiframework/web/CWebApplication.php(328): UserProfileController->run()
#9 /opt/lampp/htdocs/musicdream/yiiframework/web/CWebApplication.php(121): CWebApplication->runController()
#10 /opt/lampp/htdocs/musicdream/yiiframework/base/CApplication.php(155): CWebApplication->processRequest()
#11 /opt/lampp/htdocs/musicdream/index.php(11): CWebApplication->run()
REQUEST_URI=/musicdream/index.php?r=userProfile/update
in /opt/lampp/htdocs/musicdream/index.php (11)
2011/04/08 12:18:13 [error] [exception.CHttpException.400] exception 'CHttpException' with message 'Your request is invalid.' in /opt/lampp/htdocs/musicdream/yiiframework/web/CController.php:328
Stack trace:
#0 /opt/lampp/htdocs/musicdream/yiiframework/web/CController.php(301): CController->invalidActionParams(Object(UpdateAction))
#1 /opt/lampp/htdocs/musicdream/yiiframework/web/filters/CFilterChain.php(133): CController->runAction(Object(UpdateAction))
#2 /opt/lampp/htdocs/musicdream/yiiframework/web/filters/CFilter.php(41): CFilterChain->run()
#3 /opt/lampp/htdocs/musicdream/yiiframework/web/CController.php(1122): CFilter->filter(Object(CFilterChain))
#4 /opt/lampp/htdocs/musicdream/yiiframework/web/filters/CInlineFilter.php(59): CController->filterAccessControl(Object(CFilterChain))
#5 /opt/lampp/htdocs/musicdream/yiiframework/web/filters/CFilterChain.php(130): CInlineFilter->filter(Object(CFilterChain))
#6 /opt/lampp/htdocs/musicdream/yiiframework/web/CController.php(283): CFilterChain->run()
#7 /opt/lampp/htdocs/musicdream/yiiframework/web/CController.php(257): CController->runActionWithFilters(Object(UpdateAction), Array)
#8 /opt/lampp/htdocs/musicdream/yiiframework/web/CWebApplication.php(328): CController->run('update')
#9 /opt/lampp/htdocs/musicdream/yiiframework/web/CWebApplication.php(121): CWebApplication->runController('userProfile/upd...')
#10 /opt/lampp/htdocs/musicdream/yiiframework/base/CApplication.php(155): CWebApplication->processRequest()
#11 /opt/lampp/htdocs/musicdream/index.php(11): CApplication->run()
#12 {main} REQUEST_URI=/musicdream/index.php?r=userProfile/update
2011/04/08 12:18:31 [error] [exception.CHttpException.400] exception 'CHttpException' with message 'Your request is invalid.' in /opt/lampp/htdocs/musicdream/yiiframework/web/CController.php:328
Stack trace:
#0 /opt/lampp/htdocs/musicdream/yiiframework/web/CController.php(301): CController->invalidActionParams(Object(UpdateAction))
#1 /opt/lampp/htdocs/musicdream/yiiframework/web/filters/CFilterChain.php(133): CController->runAction(Object(UpdateAction))
#2 /opt/lampp/htdocs/musicdream/yiiframework/web/filters/CFilter.php(41): CFilterChain->run()
#3 /opt/lampp/htdocs/musicdream/yiiframework/web/CController.php(1122): CFilter->filter(Object(CFilterChain))
#4 /opt/lampp/htdocs/musicdream/yiiframework/web/filters/CInlineFilter.php(59): CController->filterAccessControl(Object(CFilterChain))
#5 /opt/lampp/htdocs/musicdream/yiiframework/web/filters/CFilterChain.php(130): CInlineFilter->filter(Object(CFilterChain))
#6 /opt/lampp/htdocs/musicdream/yiiframework/web/CController.php(283): CFilterChain->run()
#7 /opt/lampp/htdocs/musicdream/yiiframework/web/CController.php(257): CController->runActionWithFilters(Object(UpdateAction), Array)
#8 /opt/lampp/htdocs/musicdream/yiiframework/web/CWebApplication.php(328): CController->run('update')
#9 /opt/lampp/htdocs/musicdream/yiiframework/web/CWebApplication.php(121): CWebApplication->runController('userProfile/upd...')
#10 /opt/lampp/htdocs/musicdream/yiiframework/base/CApplication.php(155): CWebApplication->processRequest()
#11 /opt/lampp/htdocs/musicdream/index.php(11): CApplication->run()
#12 {main} REQUEST_URI=/musicdream/index.php?r=userProfile/update
2011/04/08 12:18:33 [error] [exception.CHttpException.400] exception 'CHttpException' with message 'Your request is invalid.' in /opt/lampp/htdocs/musicdream/yiiframework/web/CController.php:328
Stack trace:
#0 /opt/lampp/htdocs/musicdream/yiiframework/web/CController.php(301): CController->invalidActionParams(Object(UpdateAction))
#1 /opt/lampp/htdocs/musicdream/yiiframework/web/filters/CFilterChain.php(133): CController->runAction(Object(UpdateAction))
#2 /opt/lampp/htdocs/musicdream/yiiframework/web/filters/CFilter.php(41): CFilterChain->run()
#3 /opt/lampp/htdocs/musicdream/yiiframework/web/CController.php(1122): CFilter->filter(Object(CFilterChain))
#4 /opt/lampp/htdocs/musicdream/yiiframework/web/filters/CInlineFilter.php(59): CController->filterAccessControl(Object(CFilterChain))
#5 /opt/lampp/htdocs/musicdream/yiiframework/web/filters/CFilterChain.php(130): CInlineFilter->filter(Object(CFilterChain))
#6 /opt/lampp/htdocs/musicdream/yiiframework/web/CController.php(283): CFilterChain->run()
#7 /opt/lampp/htdocs/musicdream/yiiframework/web/CController.php(257): CController->runActionWithFilters(Object(UpdateAction), Array)
#8 /opt/lampp/htdocs/musicdream/yiiframework/web/CWebApplication.php(328): CController->run('update')
#9 /opt/lampp/htdocs/musicdream/yiiframework/web/CWebApplication.php(121): CWebApplication->runController('userProfile/upd...')
#10 /opt/lampp/htdocs/musicdream/yiiframework/base/CApplication.php(155): CWebApplication->processRequest()
#11 /opt/lampp/htdocs/musicdream/index.php(11): CApplication->run()
#12 {main} REQUEST_URI=/musicdream/index.php?r=userProfile/update
2011/04/08 12:19:23 [error] [php] Undefined index: id (/opt/lampp/htdocs/musicdream/yiiframework/base/CComponent.php(616) : eval()'d code:1)
Stack trace:
#0 /opt/lampp/htdocs/musicdream/yiiframework/web/auth/CAccessControlFilter.php(244): CAccessRule->isExpressionMatched()
#1 /opt/lampp/htdocs/musicdream/yiiframework/web/auth/CAccessControlFilter.php(115): CAccessRule->isUserAllowed()
#2 /opt/lampp/htdocs/musicdream/yiiframework/web/filters/CFilter.php(39): CAccessControlFilter->preFilter()
#3 /opt/lampp/htdocs/musicdream/yiiframework/web/CController.php(1122): CAccessControlFilter->filter()
#4 /opt/lampp/htdocs/musicdream/yiiframework/web/filters/CInlineFilter.php(59): UserProfileController->filterAccessControl()
#5 /opt/lampp/htdocs/musicdream/yiiframework/web/filters/CFilterChain.php(130): CInlineFilter->filter()
#6 /opt/lampp/htdocs/musicdream/yiiframework/web/CController.php(283): CFilterChain->run()
#7 /opt/lampp/htdocs/musicdream/yiiframework/web/CController.php(257): UserProfileController->runActionWithFilters()
#8 /opt/lampp/htdocs/musicdream/yiiframework/web/CWebApplication.php(328): UserProfileController->run()
#9 /opt/lampp/htdocs/musicdream/yiiframework/web/CWebApplication.php(121): CWebApplication->runController()
#10 /opt/lampp/htdocs/musicdream/yiiframework/base/CApplication.php(155): CWebApplication->processRequest()
#11 /opt/lampp/htdocs/musicdream/index.php(11): CWebApplication->run()
REQUEST_URI=/musicdream/index.php?r=userProfile/update
in /opt/lampp/htdocs/musicdream/index.php (11)
2011/04/08 12:20:44 [error] [exception.CHttpException.400] exception 'CHttpException' with message 'Your request is invalid.' in /opt/lampp/htdocs/musicdream/yiiframework/web/CController.php:328
Stack trace:
#0 /opt/lampp/htdocs/musicdream/yiiframework/web/CController.php(301): CController->invalidActionParams(Object(UpdateAction))
#1 /opt/lampp/htdocs/musicdream/yiiframework/web/filters/CFilterChain.php(133): CController->runAction(Object(UpdateAction))
#2 /opt/lampp/htdocs/musicdream/yiiframework/web/filters/CFilter.php(41): CFilterChain->run()
#3 /opt/lampp/htdocs/musicdream/yiiframework/web/CController.php(1122): CFilter->filter(Object(CFilterChain))
#4 /opt/lampp/htdocs/musicdream/yiiframework/web/filters/CInlineFilter.php(59): CController->filterAccessControl(Object(CFilterChain))
#5 /opt/lampp/htdocs/musicdream/yiiframework/web/filters/CFilterChain.php(130): CInlineFilter->filter(Object(CFilterChain))
#6 /opt/lampp/htdocs/musicdream/yiiframework/web/CController.php(283): CFilterChain->run()
#7 /opt/lampp/htdocs/musicdream/yiiframework/web/CController.php(257): CController->runActionWithFilters(Object(UpdateAction), Array)
#8 /opt/lampp/htdocs/musicdream/yiiframework/web/CWebApplication.php(328): CController->run('update')
#9 /opt/lampp/htdocs/musicdream/yiiframework/web/CWebApplication.php(121): CWebApplication->runController('userProfile/upd...')
#10 /opt/lampp/htdocs/musicdream/yiiframework/base/CApplication.php(155): CWebApplication->processRequest()
#11 /opt/lampp/htdocs/musicdream/index.php(11): CApplication->run()
#12 {main} REQUEST_URI=/musicdream/index.php?r=userProfile/update
2011/04/08 12:21:19 [error] [exception.CHttpException.400] exception 'CHttpException' with message 'Your request is invalid.' in /opt/lampp/htdocs/musicdream/yiiframework/web/CController.php:328
Stack trace:
#0 /opt/lampp/htdocs/musicdream/yiiframework/web/CController.php(301): CController->invalidActionParams(Object(UpdateAction))
#1 /opt/lampp/htdocs/musicdream/yiiframework/web/filters/CFilterChain.php(133): CController->runAction(Object(UpdateAction))
#2 /opt/lampp/htdocs/musicdream/yiiframework/web/filters/CFilter.php(41): CFilterChain->run()
#3 /opt/lampp/htdocs/musicdream/yiiframework/web/CController.php(1122): CFilter->filter(Object(CFilterChain))
#4 /opt/lampp/htdocs/musicdream/yiiframework/web/filters/CInlineFilter.php(59): CController->filterAccessControl(Object(CFilterChain))
#5 /opt/lampp/htdocs/musicdream/yiiframework/web/filters/CFilterChain.php(130): CInlineFilter->filter(Object(CFilterChain))
#6 /opt/lampp/htdocs/musicdream/yiiframework/web/CController.php(283): CFilterChain->run()
#7 /opt/lampp/htdocs/musicdream/yiiframework/web/CController.php(257): CController->runActionWithFilters(Object(UpdateAction), Array)
#8 /opt/lampp/htdocs/musicdream/yiiframework/web/CWebApplication.php(328): CController->run('update')
#9 /opt/lampp/htdocs/musicdream/yiiframework/web/CWebApplication.php(121): CWebApplication->runController('userProfile/upd...')
#10 /opt/lampp/htdocs/musicdream/yiiframework/base/CApplication.php(155): CWebApplication->processRequest()
#11 /opt/lampp/htdocs/musicdream/index.php(11): CApplication->run()
#12 {main} REQUEST_URI=/musicdream/index.php?r=userProfile/update&id=9
2011/04/08 12:24:11 [error] [exception.CHttpException.403] exception 'CHttpException' with message '您未被授权执行这个动作' in /opt/lampp/htdocs/musicdream/yiiframework/web/auth/CAccessControlFilter.php:157
Stack trace:
#0 /opt/lampp/htdocs/musicdream/yiiframework/web/auth/CAccessControlFilter.php(119): CAccessControlFilter->accessDenied(Object(CWebUser), '???????????????...')
#1 /opt/lampp/htdocs/musicdream/yiiframework/web/filters/CFilter.php(39): CAccessControlFilter->preFilter(Object(CFilterChain))
#2 /opt/lampp/htdocs/musicdream/yiiframework/web/CController.php(1122): CFilter->filter(Object(CFilterChain))
#3 /opt/lampp/htdocs/musicdream/yiiframework/web/filters/CInlineFilter.php(59): CController->filterAccessControl(Object(CFilterChain))
#4 /opt/lampp/htdocs/musicdream/yiiframework/web/filters/CFilterChain.php(130): CInlineFilter->filter(Object(CFilterChain))
#5 /opt/lampp/htdocs/musicdream/yiiframework/web/CController.php(283): CFilterChain->run()
#6 /opt/lampp/htdocs/musicdream/yiiframework/web/CController.php(257): CController->runActionWithFilters(Object(UpdateAction), Array)
#7 /opt/lampp/htdocs/musicdream/yiiframework/web/CWebApplication.php(328): CController->run('update')
#8 /opt/lampp/htdocs/musicdream/yiiframework/web/CWebApplication.php(121): CWebApplication->runController('userProfile/upd...')
#9 /opt/lampp/htdocs/musicdream/yiiframework/base/CApplication.php(155): CWebApplication->processRequest()
#10 /opt/lampp/htdocs/musicdream/index.php(11): CApplication->run()
#11 {main} REQUEST_URI=/musicdream/index.php?r=userProfile/update&id=12
2011/04/09 05:40:08 [error] [exception.CHttpException.404] exception 'CHttpException' with message 'The requested page does not exist.' in /opt/lampp/htdocs/musicdream/protected/controllers/AlbumController.php:95
Stack trace:
#0 [internal function]: AlbumController->loadModel()
#1 /opt/lampp/htdocs/musicdream/protected/components/XRenderAction.php(168): call_user_func_array(Array, Array)
#2 /opt/lampp/htdocs/musicdream/protected/controllers/album/ViewAction.php(6): XRenderAction->__call('loadModel', Array)
#3 /opt/lampp/htdocs/musicdream/protected/controllers/album/ViewAction.php(6): ViewAction->loadModel()
#4 /opt/lampp/htdocs/musicdream/yiiframework/web/actions/CAction.php(72): ViewAction->run()
#5 /opt/lampp/htdocs/musicdream/yiiframework/web/CController.php(300): CAction->runWithParams(Array)
#6 /opt/lampp/htdocs/musicdream/yiiframework/web/filters/CFilterChain.php(133): CController->runAction(Object(ViewAction))
#7 /opt/lampp/htdocs/musicdream/yiiframework/web/filters/CFilter.php(41): CFilterChain->run()
#8 /opt/lampp/htdocs/musicdream/yiiframework/web/CController.php(1122): CFilter->filter(Object(CFilterChain))
#9 /opt/lampp/htdocs/musicdream/yiiframework/web/filters/CInlineFilter.php(59): CController->filterAccessControl(Object(CFilterChain))
#10 /opt/lampp/htdocs/musicdream/yiiframework/web/filters/CFilterChain.php(130): CInlineFilter->filter(Object(CFilterChain))
#11 /opt/lampp/htdocs/musicdream/yiiframework/web/CController.php(283): CFilterChain->run()
#12 /opt/lampp/htdocs/musicdream/yiiframework/web/CController.php(257): CController->runActionWithFilters(Object(ViewAction), Array)
#13 /opt/lampp/htdocs/musicdream/yiiframework/web/CWebApplication.php(328): CController->run('view')
#14 /opt/lampp/htdocs/musicdream/yiiframework/web/CWebApplication.php(121): CWebApplication->runController('Album/view')
#15 /opt/lampp/htdocs/musicdream/yiiframework/base/CApplication.php(155): CWebApplication->processRequest()
#16 /opt/lampp/htdocs/musicdream/index.php(11): CApplication->run()
#17 {main} REQUEST_URI=/musicdream/index.php?r=Album/view
2011/04/09 05:40:27 [error] [exception.CHttpException.404] exception 'CHttpException' with message 'The requested page does not exist.' in /opt/lampp/htdocs/musicdream/protected/controllers/AlbumController.php:95
Stack trace:
#0 [internal function]: AlbumController->loadModel()
#1 /opt/lampp/htdocs/musicdream/protected/components/XRenderAction.php(168): call_user_func_array(Array, Array)
#2 /opt/lampp/htdocs/musicdream/protected/controllers/album/ViewAction.php(6): XRenderAction->__call('loadModel', Array)
#3 /opt/lampp/htdocs/musicdream/protected/controllers/album/ViewAction.php(6): ViewAction->loadModel()
#4 /opt/lampp/htdocs/musicdream/yiiframework/web/actions/CAction.php(72): ViewAction->run()
#5 /opt/lampp/htdocs/musicdream/yiiframework/web/CController.php(300): CAction->runWithParams(Array)
#6 /opt/lampp/htdocs/musicdream/yiiframework/web/filters/CFilterChain.php(133): CController->runAction(Object(ViewAction))
#7 /opt/lampp/htdocs/musicdream/yiiframework/web/filters/CFilter.php(41): CFilterChain->run()
#8 /opt/lampp/htdocs/musicdream/yiiframework/web/CController.php(1122): CFilter->filter(Object(CFilterChain))
#9 /opt/lampp/htdocs/musicdream/yiiframework/web/filters/CInlineFilter.php(59): CController->filterAccessControl(Object(CFilterChain))
#10 /opt/lampp/htdocs/musicdream/yiiframework/web/filters/CFilterChain.php(130): CInlineFilter->filter(Object(CFilterChain))
#11 /opt/lampp/htdocs/musicdream/yiiframework/web/CController.php(283): CFilterChain->run()
#12 /opt/lampp/htdocs/musicdream/yiiframework/web/CController.php(257): CController->runActionWithFilters(Object(ViewAction), Array)
#13 /opt/lampp/htdocs/musicdream/yiiframework/web/CWebApplication.php(328): CController->run('view')
#14 /opt/lampp/htdocs/musicdream/yiiframework/web/CWebApplication.php(121): CWebApplication->runController('album/view')
#15 /opt/lampp/htdocs/musicdream/yiiframework/base/CApplication.php(155): CWebApplication->processRequest()
#16 /opt/lampp/htdocs/musicdream/index.php(11): CApplication->run()
#17 {main} REQUEST_URI=/musicdream/index.php?r=album/view
2011/04/09 05:40:29 [error] [exception.CHttpException.404] exception 'CHttpException' with message 'The requested page does not exist.' in /opt/lampp/htdocs/musicdream/protected/controllers/AlbumController.php:95
Stack trace:
#0 [internal function]: AlbumController->loadModel()
#1 /opt/lampp/htdocs/musicdream/protected/components/XRenderAction.php(168): call_user_func_array(Array, Array)
#2 /opt/lampp/htdocs/musicdream/protected/controllers/album/ViewAction.php(6): XRenderAction->__call('loadModel', Array)
#3 /opt/lampp/htdocs/musicdream/protected/controllers/album/ViewAction.php(6): ViewAction->loadModel()
#4 /opt/lampp/htdocs/musicdream/yiiframework/web/actions/CAction.php(72): ViewAction->run()
#5 /opt/lampp/htdocs/musicdream/yiiframework/web/CController.php(300): CAction->runWithParams(Array)
#6 /opt/lampp/htdocs/musicdream/yiiframework/web/filters/CFilterChain.php(133): CController->runAction(Object(ViewAction))
#7 /opt/lampp/htdocs/musicdream/yiiframework/web/filters/CFilter.php(41): CFilterChain->run()
#8 /opt/lampp/htdocs/musicdream/yiiframework/web/CController.php(1122): CFilter->filter(Object(CFilterChain))
#9 /opt/lampp/htdocs/musicdream/yiiframework/web/filters/CInlineFilter.php(59): CController->filterAccessControl(Object(CFilterChain))
#10 /opt/lampp/htdocs/musicdream/yiiframework/web/filters/CFilterChain.php(130): CInlineFilter->filter(Object(CFilterChain))
#11 /opt/lampp/htdocs/musicdream/yiiframework/web/CController.php(283): CFilterChain->run()
#12 /opt/lampp/htdocs/musicdream/yiiframework/web/CController.php(257): CController->runActionWithFilters(Object(ViewAction), Array)
#13 /opt/lampp/htdocs/musicdream/yiiframework/web/CWebApplication.php(328): CController->run('view')
#14 /opt/lampp/htdocs/musicdream/yiiframework/web/CWebApplication.php(121): CWebApplication->runController('album/view')
#15 /opt/lampp/htdocs/musicdream/yiiframework/base/CApplication.php(155): CWebApplication->processRequest()
#16 /opt/lampp/htdocs/musicdream/index.php(11): CApplication->run()
#17 {main} REQUEST_URI=/musicdream/index.php?r=album/view
2011/04/11 05:06:29 [warning] [application] Failed to set unsafe attribute "dir_id".
in /opt/lampp/htdocs/musicdream/protected/controllers/tag/CreateAction.php (13)
in /opt/lampp/htdocs/musicdream/index.php (11)
2011/04/11 05:06:37 [warning] [application] Failed to set unsafe attribute "dir_id".
in /opt/lampp/htdocs/musicdream/protected/controllers/tag/CreateAction.php (13)
in /opt/lampp/htdocs/musicdream/index.php (11)
2011/04/11 05:06:49 [warning] [application] Failed to set unsafe attribute "dir_id".
in /opt/lampp/htdocs/musicdream/protected/controllers/tag/CreateAction.php (13)
in /opt/lampp/htdocs/musicdream/index.php (11)
